<?xml version="1.0" encoding="UTF-8"?>
<testsuite name="com.jessemcgilallen.lc.persistence.UserDaoTest" tests="8" skipped="0" failures="0" errors="0" timestamp="2016-05-04T05:13:04" hostname="Haskell" time="0.476">
  <properties/>
  <testcase name="testAddUser" classname="com.jessemcgilallen.lc.persistence.UserDaoTest" time="0.119"/>
  <testcase name="testGetAllUsers" classname="com.jessemcgilallen.lc.persistence.UserDaoTest" time="0.041"/>
  <testcase name="testUpdateUser" classname="com.jessemcgilallen.lc.persistence.UserDaoTest" time="0.061"/>
  <testcase name="testDeleteNullUser" classname="com.jessemcgilallen.lc.persistence.UserDaoTest" time="0.05"/>
  <testcase name="testFindById" classname="com.jessemcgilallen.lc.persistence.UserDaoTest" time="0.043"/>
  <testcase name="testFindByUsername" classname="com.jessemcgilallen.lc.persistence.UserDaoTest" time="0.053"/>
  <testcase name="testDeleteUser" classname="com.jessemcgilallen.lc.persistence.UserDaoTest" time="0.049"/>
  <testcase name="testUpdateNullUser" classname="com.jessemcgilallen.lc.persistence.UserDaoTest" time="0.048"/>
  <system-out><![CDATA[]]></system-out>
  <system-err><![CDATA[May 04, 2016 12:13:04 AM org.hibernate.event.internal.DefaultDeleteEventListener deleteTransientEntity
INFO: HHH000114: Handling transient entity in delete processing
]]></system-err>
</testsuite>
