<?xml version="1.0" encoding="UTF-8"?>
<testsuite name="com.jessemcgilallen.lc.persistence.LanguageDaoTest" tests="6" skipped="0" failures="0" errors="0" timestamp="2016-03-30T05:23:46" hostname="Haskell" time="1.437">
  <properties/>
  <testcase name="testFindAll" classname="com.jessemcgilallen.lc.persistence.LanguageDaoTest" time="1.352"/>
  <testcase name="testFindByName" classname="com.jessemcgilallen.lc.persistence.LanguageDaoTest" time="0.016"/>
  <testcase name="testFindById" classname="com.jessemcgilallen.lc.persistence.LanguageDaoTest" time="0.022"/>
  <testcase name="testCreate" classname="com.jessemcgilallen.lc.persistence.LanguageDaoTest" time="0.014"/>
  <testcase name="testDelete" classname="com.jessemcgilallen.lc.persistence.LanguageDaoTest" time="0.019"/>
  <testcase name="testUpdate" classname="com.jessemcgilallen.lc.persistence.LanguageDaoTest" time="0.012"/>
  <system-out><![CDATA[00:23:48.077 [Test worker] FATAL com.jessemcgilallen.lc.persistence.LanguageDao - Id: 463
00:23:48.078 [Test worker] FATAL com.jessemcgilallen.lc.persistence.LanguageDao - Results: [Language{id=463, name='python'}]
Python Id:463
00:23:48.122 [Test worker] FATAL com.jessemcgilallen.lc.persistence.LanguageDao - Id: 468
00:23:48.123 [Test worker] FATAL com.jessemcgilallen.lc.persistence.LanguageDao - Results: [Language{id=468, name='Java'}]
]]></system-out>
  <system-err><![CDATA[ERROR StatusLogger No log4j2 configuration file found. Using default configuration: logging only errors to the console.
Mar 30, 2016 12:23:46 AM org.hibernate.annotations.common.Version <clinit>
INFO: HCANN000001: Hibernate Commons Annotations {4.0.2.Final}
Mar 30, 2016 12:23:46 AM org.hibernate.Version logVersion
INFO: HHH000412: Hibernate Core {4.2.2.Final}
Mar 30, 2016 12:23:46 AM org.hibernate.cfg.Environment <clinit>
INFO: HHH000206: hibernate.properties not found
Mar 30, 2016 12:23:46 AM org.hibernate.cfg.Environment buildBytecodeProvider
INFO: HHH000021: Bytecode provider name : javassist
Mar 30, 2016 12:23:46 AM org.hibernate.cfg.Configuration configure
INFO: HHH000043: Configuring from resource: /hibernate.cfg.xml
Mar 30, 2016 12:23:46 AM org.hibernate.cfg.Configuration getConfigurationInputStream
INFO: HHH000040: Configuration resource: /hibernate.cfg.xml
Mar 30, 2016 12:23:46 AM org.hibernate.cfg.Configuration addResource
INFO: HHH000221: Reading mappings from resource: User.hbm.xml
Mar 30, 2016 12:23:47 AM org.hibernate.cfg.Configuration addResource
INFO: HHH000221: Reading mappings from resource: Language.hbm.xml
Mar 30, 2016 12:23:47 AM org.hibernate.cfg.Configuration doConfigure
INFO: HHH000041: Configured SessionFactory: null
Mar 30, 2016 12:23:47 AM org.hibernate.service.jdbc.connections.internal.DriverManagerConnectionProviderImpl configure
INFO: HHH000402: Using Hibernate built-in connection pool (not for production use!)
Mar 30, 2016 12:23:47 AM org.hibernate.service.jdbc.connections.internal.DriverManagerConnectionProviderImpl configure
INFO: HHH000115: Hibernate connection pool size: 20
Mar 30, 2016 12:23:47 AM org.hibernate.service.jdbc.connections.internal.DriverManagerConnectionProviderImpl configure
INFO: HHH000006: Autocommit mode: false
Mar 30, 2016 12:23:47 AM org.hibernate.service.jdbc.connections.internal.DriverManagerConnectionProviderImpl configure
INFO: HHH000401: using driver [com.mysql.jdbc.Driver] at URL [jdbc:mysql://localhost:3306/test_programming_review]
Mar 30, 2016 12:23:47 AM org.hibernate.service.jdbc.connections.internal.DriverManagerConnectionProviderImpl configure
INFO: HHH000046: Connection properties: {user=jesse, password=****}
Mar 30, 2016 12:23:47 AM org.hibernate.dialect.Dialect <init>
INFO: HHH000400: Using dialect: org.hibernate.dialect.MySQL5Dialect
Mar 30, 2016 12:23:47 AM org.hibernate.engine.transaction.internal.TransactionFactoryInitiator initiateService
INFO: HHH000399: Using default transaction strategy (direct JDBC transactions)
Mar 30, 2016 12:23:47 AM org.hibernate.hql.internal.ast.ASTQueryTranslatorFactory <init>
INFO: HHH000397: Using ASTQueryTranslatorFactory
]]></system-err>
</testsuite>
