<?xml version="1.0" encoding="UTF-8"?>
<testsuite name="test.java.com.jessemcgilallen.lc.persistence.UserDaoWithHibernateTest" tests="6" skipped="0" failures="0" errors="0" timestamp="2016-03-27T21:11:50" hostname="Haskell" time="0.436">
  <properties/>
  <testcase name="testAddUser" classname="test.java.com.jessemcgilallen.lc.persistence.UserDaoWithHibernateTest" time="0.261"/>
  <testcase name="testGetAllUsers" classname="test.java.com.jessemcgilallen.lc.persistence.UserDaoWithHibernateTest" time="0.064"/>
  <testcase name="testUpdateUser" classname="test.java.com.jessemcgilallen.lc.persistence.UserDaoWithHibernateTest" time="0.033"/>
  <testcase name="testDeleteNullUser" classname="test.java.com.jessemcgilallen.lc.persistence.UserDaoWithHibernateTest" time="0.025"/>
  <testcase name="testDeleteUser" classname="test.java.com.jessemcgilallen.lc.persistence.UserDaoWithHibernateTest" time="0.024"/>
  <testcase name="testUpdateNullUser" classname="test.java.com.jessemcgilallen.lc.persistence.UserDaoWithHibernateTest" time="0.026"/>
  <system-out><![CDATA[]]></system-out>
  <system-err><![CDATA[Mar 27, 2016 4:11:50 PM org.hibernate.cfg.Configuration configure
INFO: HHH000043: Configuring from resource: /hibernate.cfg.xml
Mar 27, 2016 4:11:50 PM org.hibernate.cfg.Configuration getConfigurationInputStream
INFO: HHH000040: Configuration resource: /hibernate.cfg.xml
Mar 27, 2016 4:11:50 PM org.hibernate.cfg.Configuration addResource
INFO: HHH000221: Reading mappings from resource: User.hbm.xml
Mar 27, 2016 4:11:50 PM org.hibernate.cfg.Configuration doConfigure
INFO: HHH000041: Configured SessionFactory: null
Mar 27, 2016 4:11:50 PM org.hibernate.service.jdbc.connections.internal.DriverManagerConnectionProviderImpl configure
INFO: HHH000402: Using Hibernate built-in connection pool (not for production use!)
Mar 27, 2016 4:11:50 PM org.hibernate.service.jdbc.connections.internal.DriverManagerConnectionProviderImpl configure
INFO: HHH000115: Hibernate connection pool size: 20
Mar 27, 2016 4:11:51 PM org.hibernate.service.jdbc.connections.internal.DriverManagerConnectionProviderImpl configure
INFO: HHH000006: Autocommit mode: false
Mar 27, 2016 4:11:51 PM org.hibernate.service.jdbc.connections.internal.DriverManagerConnectionProviderImpl configure
INFO: HHH000401: using driver [com.mysql.jdbc.Driver] at URL [jdbc:mysql://localhost:3306/test_programming_review]
Mar 27, 2016 4:11:51 PM org.hibernate.service.jdbc.connections.internal.DriverManagerConnectionProviderImpl configure
INFO: HHH000046: Connection properties: {user=jesse, password=****}
Mar 27, 2016 4:11:51 PM org.hibernate.dialect.Dialect <init>
INFO: HHH000400: Using dialect: org.hibernate.dialect.MySQL5Dialect
Mar 27, 2016 4:11:51 PM org.hibernate.engine.transaction.internal.TransactionFactoryInitiator initiateService
INFO: HHH000399: Using default transaction strategy (direct JDBC transactions)
Mar 27, 2016 4:11:51 PM org.hibernate.hql.internal.ast.ASTQueryTranslatorFactory <init>
INFO: HHH000397: Using ASTQueryTranslatorFactory
Mar 27, 2016 4:11:51 PM org.hibernate.event.internal.DefaultDeleteEventListener deleteTransientEntity
INFO: HHH000114: Handling transient entity in delete processing
]]></system-err>
</testsuite>
