<?xml version="1.0" encoding="UTF-8"?>
<testsuite name="com.jessemcgilallen.lc.persistence.LanguageGenericDaoWithHibernateTest" tests="4" skipped="0" failures="0" errors="0" timestamp="2016-03-29T23:21:21" hostname="Haskell" time="0.053">
  <properties/>
  <testcase name="testFindAll" classname="com.jessemcgilallen.lc.persistence.LanguageGenericDaoWithHibernateTest" time="0.016"/>
  <testcase name="findById" classname="com.jessemcgilallen.lc.persistence.LanguageGenericDaoWithHibernateTest" time="0.013"/>
  <testcase name="findByName" classname="com.jessemcgilallen.lc.persistence.LanguageGenericDaoWithHibernateTest" time="0.013"/>
  <testcase name="testCreate" classname="com.jessemcgilallen.lc.persistence.LanguageGenericDaoWithHibernateTest" time="0.01"/>
  <system-out><![CDATA[Size: 1
]]></system-out>
  <system-err><![CDATA[]]></system-err>
</testsuite>
