<?xml version="1.0" encoding="UTF-8"?>
<testsuite name="com.jessemcgilallen.lc.persistence.UserDaoTest" tests="8" skipped="0" failures="0" errors="0" timestamp="2016-03-30T20:50:52" hostname="Haskell" time="0.155">
  <properties/>
  <testcase name="testAddUser" classname="com.jessemcgilallen.lc.persistence.UserDaoTest" time="0.026"/>
  <testcase name="testGetAllUsers" classname="com.jessemcgilallen.lc.persistence.UserDaoTest" time="0.019"/>
  <testcase name="testUpdateUser" classname="com.jessemcgilallen.lc.persistence.UserDaoTest" time="0.024"/>
  <testcase name="testDeleteNullUser" classname="com.jessemcgilallen.lc.persistence.UserDaoTest" time="0.014"/>
  <testcase name="testFindById" classname="com.jessemcgilallen.lc.persistence.UserDaoTest" time="0.023"/>
  <testcase name="testFindByUsername" classname="com.jessemcgilallen.lc.persistence.UserDaoTest" time="0.017"/>
  <testcase name="testDeleteUser" classname="com.jessemcgilallen.lc.persistence.UserDaoTest" time="0.016"/>
  <testcase name="testUpdateNullUser" classname="com.jessemcgilallen.lc.persistence.UserDaoTest" time="0.012"/>
  <system-out><![CDATA[]]></system-out>
  <system-err><![CDATA[Mar 30, 2016 3:50:52 PM org.hibernate.event.internal.DefaultDeleteEventListener deleteTransientEntity
INFO: HHH000114: Handling transient entity in delete processing
]]></system-err>
</testsuite>
