<?xml version="1.0" encoding="UTF-8"?>
<testsuite name="com.jessemcgilallen.lc.persistence.LanguageGenericDaoWithHibernateTest" tests="4" skipped="0" failures="0" errors="0" timestamp="2016-03-30T03:05:34" hostname="Haskell" time="0.105">
  <properties/>
  <testcase name="testFindAll" classname="com.jessemcgilallen.lc.persistence.LanguageGenericDaoWithHibernateTest" time="0.024"/>
  <testcase name="findById" classname="com.jessemcgilallen.lc.persistence.LanguageGenericDaoWithHibernateTest" time="0.038"/>
  <testcase name="findByName" classname="com.jessemcgilallen.lc.persistence.LanguageGenericDaoWithHibernateTest" time="0.025"/>
  <testcase name="testCreate" classname="com.jessemcgilallen.lc.persistence.LanguageGenericDaoWithHibernateTest" time="0.017"/>
  <system-out><![CDATA[Size: 1
]]></system-out>
  <system-err><![CDATA[]]></system-err>
</testsuite>
