<?xml version="1.0" encoding="UTF-8"?>
<testsuite name="com.jessemcgilallen.lc.persistence.LanguageDaoWithHibernateTest" tests="5" skipped="0" failures="0" errors="0" timestamp="2016-03-28T22:35:14" hostname="Haskell" time="1.494">
  <properties/>
  <testcase name="updateLanguage" classname="com.jessemcgilallen.lc.persistence.LanguageDaoWithHibernateTest" time="0.001"/>
  <testcase name="getLanguageWithId" classname="com.jessemcgilallen.lc.persistence.LanguageDaoWithHibernateTest" time="0.001"/>
  <testcase name="getAllLanguages" classname="com.jessemcgilallen.lc.persistence.LanguageDaoWithHibernateTest" time="0.0"/>
  <testcase name="deleteLanguage" classname="com.jessemcgilallen.lc.persistence.LanguageDaoWithHibernateTest" time="0.001"/>
  <testcase name="addLanguage" classname="com.jessemcgilallen.lc.persistence.LanguageDaoWithHibernateTest" time="1.489"/>
  <system-out><![CDATA[]]></system-out>
  <system-err><![CDATA[ERROR StatusLogger No log4j2 configuration file found. Using default configuration: logging only errors to the console.
Mar 28, 2016 5:35:14 PM org.hibernate.annotations.common.Version <clinit>
INFO: HCANN000001: Hibernate Commons Annotations {4.0.2.Final}
Mar 28, 2016 5:35:14 PM org.hibernate.Version logVersion
INFO: HHH000412: Hibernate Core {4.2.2.Final}
Mar 28, 2016 5:35:14 PM org.hibernate.cfg.Environment <clinit>
INFO: HHH000206: hibernate.properties not found
Mar 28, 2016 5:35:14 PM org.hibernate.cfg.Environment buildBytecodeProvider
INFO: HHH000021: Bytecode provider name : javassist
Mar 28, 2016 5:35:14 PM org.hibernate.cfg.Configuration configure
INFO: HHH000043: Configuring from resource: /hibernate.cfg.xml
Mar 28, 2016 5:35:14 PM org.hibernate.cfg.Configuration getConfigurationInputStream
INFO: HHH000040: Configuration resource: /hibernate.cfg.xml
Mar 28, 2016 5:35:14 PM org.hibernate.cfg.Configuration addResource
INFO: HHH000221: Reading mappings from resource: User.hbm.xml
Mar 28, 2016 5:35:14 PM org.hibernate.cfg.Configuration addResource
INFO: HHH000221: Reading mappings from resource: Language.hbm.xml
Mar 28, 2016 5:35:14 PM org.hibernate.cfg.Configuration doConfigure
INFO: HHH000041: Configured SessionFactory: null
Mar 28, 2016 5:35:14 PM org.hibernate.service.jdbc.connections.internal.DriverManagerConnectionProviderImpl configure
INFO: HHH000402: Using Hibernate built-in connection pool (not for production use!)
Mar 28, 2016 5:35:14 PM org.hibernate.service.jdbc.connections.internal.DriverManagerConnectionProviderImpl configure
INFO: HHH000115: Hibernate connection pool size: 20
Mar 28, 2016 5:35:14 PM org.hibernate.service.jdbc.connections.internal.DriverManagerConnectionProviderImpl configure
INFO: HHH000006: Autocommit mode: false
Mar 28, 2016 5:35:14 PM org.hibernate.service.jdbc.connections.internal.DriverManagerConnectionProviderImpl configure
INFO: HHH000401: using driver [com.mysql.jdbc.Driver] at URL [jdbc:mysql://localhost:3306/test_programming_review]
Mar 28, 2016 5:35:14 PM org.hibernate.service.jdbc.connections.internal.DriverManagerConnectionProviderImpl configure
INFO: HHH000046: Connection properties: {user=jesse, password=****}
Mar 28, 2016 5:35:15 PM org.hibernate.dialect.Dialect <init>
INFO: HHH000400: Using dialect: org.hibernate.dialect.MySQL5Dialect
Mar 28, 2016 5:35:15 PM org.hibernate.engine.transaction.internal.TransactionFactoryInitiator initiateService
INFO: HHH000399: Using default transaction strategy (direct JDBC transactions)
Mar 28, 2016 5:35:15 PM org.hibernate.hql.internal.ast.ASTQueryTranslatorFactory <init>
INFO: HHH000397: Using ASTQueryTranslatorFactory
]]></system-err>
</testsuite>
