<?xml version="1.0" encoding="UTF-8"?>
<testsuite name="com.jessemcgilallen.lc.persistence.LanguageDaoTest" tests="6" skipped="0" failures="0" errors="0" timestamp="2016-05-04T05:13:02" hostname="Haskell" time="2.063">
  <properties/>
  <testcase name="testFindAll" classname="com.jessemcgilallen.lc.persistence.LanguageDaoTest" time="1.862"/>
  <testcase name="testFindByName" classname="com.jessemcgilallen.lc.persistence.LanguageDaoTest" time="0.06"/>
  <testcase name="testFindById" classname="com.jessemcgilallen.lc.persistence.LanguageDaoTest" time="0.027"/>
  <testcase name="testCreate" classname="com.jessemcgilallen.lc.persistence.LanguageDaoTest" time="0.021"/>
  <testcase name="testDelete" classname="com.jessemcgilallen.lc.persistence.LanguageDaoTest" time="0.059"/>
  <testcase name="testUpdate" classname="com.jessemcgilallen.lc.persistence.LanguageDaoTest" time="0.025"/>
  <system-out><![CDATA[2016-05-04 00:13:04,289 DEBUG [Test worker] persistence.AbstractDao (AbstractDao.java:92) - Instance: Language{id=231, name='Perl'}
Python Id:232
2016-05-04 00:13:04,323 ERROR [Test worker] persistence.AbstractDao (AbstractDao.java:198) - org.hibernate.HibernateException: illegally attempted to associate a proxy with two open Sessions
2016-05-04 00:13:04,432 ERROR [Test worker] persistence.AbstractDao (AbstractDao.java:178) - org.hibernate.HibernateException: illegally attempted to associate a proxy with two open Sessions
]]></system-out>
  <system-err><![CDATA[May 04, 2016 12:13:02 AM org.hibernate.annotations.common.Version <clinit>
INFO: HCANN000001: Hibernate Commons Annotations {4.0.2.Final}
May 04, 2016 12:13:02 AM org.hibernate.Version logVersion
INFO: HHH000412: Hibernate Core {4.2.2.Final}
May 04, 2016 12:13:02 AM org.hibernate.cfg.Environment <clinit>
INFO: HHH000206: hibernate.properties not found
May 04, 2016 12:13:02 AM org.hibernate.cfg.Environment buildBytecodeProvider
INFO: HHH000021: Bytecode provider name : javassist
May 04, 2016 12:13:02 AM org.hibernate.cfg.Configuration configure
INFO: HHH000043: Configuring from resource: /hibernate.cfg.xml
May 04, 2016 12:13:02 AM org.hibernate.cfg.Configuration getConfigurationInputStream
INFO: HHH000040: Configuration resource: /hibernate.cfg.xml
May 04, 2016 12:13:02 AM org.hibernate.cfg.Configuration addResource
INFO: HHH000221: Reading mappings from resource: User.hbm.xml
May 04, 2016 12:13:02 AM org.hibernate.cfg.Configuration addResource
INFO: HHH000221: Reading mappings from resource: Language.hbm.xml
May 04, 2016 12:13:02 AM org.hibernate.cfg.Configuration addResource
INFO: HHH000221: Reading mappings from resource: Type.hbm.xml
May 04, 2016 12:13:02 AM org.hibernate.cfg.Configuration addResource
INFO: HHH000221: Reading mappings from resource: Topic.hbm.xml
May 04, 2016 12:13:02 AM org.hibernate.cfg.Configuration addResource
INFO: HHH000221: Reading mappings from resource: Example.hbm.xml
May 04, 2016 12:13:02 AM org.hibernate.cfg.Configuration doConfigure
INFO: HHH000041: Configured SessionFactory: null
May 04, 2016 12:13:02 AM org.hibernate.service.jdbc.connections.internal.DriverManagerConnectionProviderImpl configure
INFO: HHH000402: Using Hibernate built-in connection pool (not for production use!)
May 04, 2016 12:13:02 AM org.hibernate.service.jdbc.connections.internal.DriverManagerConnectionProviderImpl configure
INFO: HHH000115: Hibernate connection pool size: 20
May 04, 2016 12:13:02 AM org.hibernate.service.jdbc.connections.internal.DriverManagerConnectionProviderImpl configure
INFO: HHH000006: Autocommit mode: false
May 04, 2016 12:13:02 AM org.hibernate.service.jdbc.connections.internal.DriverManagerConnectionProviderImpl configure
INFO: HHH000401: using driver [com.mysql.jdbc.Driver] at URL [jdbc:mysql://localhost:3306/test_programming_review]
May 04, 2016 12:13:02 AM org.hibernate.service.jdbc.connections.internal.DriverManagerConnectionProviderImpl configure
INFO: HHH000046: Connection properties: {user=jesse, password=****}
May 04, 2016 12:13:03 AM org.hibernate.dialect.Dialect <init>
INFO: HHH000400: Using dialect: org.hibernate.dialect.MySQL5Dialect
May 04, 2016 12:13:03 AM org.hibernate.engine.transaction.internal.TransactionFactoryInitiator initiateService
INFO: HHH000399: Using default transaction strategy (direct JDBC transactions)
May 04, 2016 12:13:03 AM org.hibernate.hql.internal.ast.ASTQueryTranslatorFactory <init>
INFO: HHH000397: Using ASTQueryTranslatorFactory
]]></system-err>
</testsuite>
