<?xml version="1.0" encoding="UTF-8"?>
<testsuite name="com.jessemcgilallen.lc.persistence.TypesDaoTest" tests="3" skipped="0" failures="0" errors="0" timestamp="2016-04-29T22:11:31" hostname="Haskell" time="0.016">
  <properties/>
  <testcase name="testFindAllTypes" classname="com.jessemcgilallen.lc.persistence.TypesDaoTest" time="0.004"/>
  <testcase name="testFindByName" classname="com.jessemcgilallen.lc.persistence.TypesDaoTest" time="0.004"/>
  <testcase name="testFindByWrongName" classname="com.jessemcgilallen.lc.persistence.TypesDaoTest" time="0.008"/>
  <system-out><![CDATA[]]></system-out>
  <system-err><![CDATA[]]></system-err>
</testsuite>
